<?xml version="1.0" encoding="UTF-8"?>
<!-- Generated by org.testng.reporters.JUnitReportReporter -->
<testsuite hostname="Ravi" failures="0" tests="2" name="rahulshettyacademy.tests.ErrorValidationTest" time="28.254" errors="0" timestamp="2026-02-27T13:32:16 EST" skipped="0">
  <testcase classname="rahulshettyacademy.tests.ErrorValidationTest" name="LoginErrorValidation" time="7.894"/>
  <testcase classname="rahulshettyacademy.tests.ErrorValidationTest" name="ProductErrorValidation" time="20.360"/>
</testsuite> <!-- rahulshettyacademy.tests.ErrorValidationTest -->
